<?xml version="1.0" encoding="UTF-8"?>
<!-- Generated by org.testng.reporters.JUnitReportReporter -->
<testsuite hostname="cinnamon" failures="0" tests="2" name="com.thiago.teste.GoogleSearchTest" time="5.640" errors="0" timestamp="18 abr 2020 15:11:33 GMT" skipped="0">
  <testcase classname="com.thiago.teste.GoogleSearchTest" name="google0" time="3.419"/>
  <testcase classname="com.thiago.teste.GoogleSearchTest" name="google1" time="2.221"/>
</testsuite> <!-- com.thiago.teste.GoogleSearchTest -->
