<?xml version="1.0" encoding="UTF-8"?>
<!-- Generated by org.testng.reporters.JUnitReportReporter -->
<testsuite hostname="cinnamon" failures="0" tests="1" name="com.thiago.teste.guru.desafio2.GuruTestDesafio2" time="4.813" errors="0" timestamp="19 abr 2020 00:02:35 GMT" skipped="0">
  <testcase classname="com.thiago.teste.guru.desafio2.GuruTestDesafio2" name="dragAndDropTransaction" time="4.813"/>
</testsuite> <!-- com.thiago.teste.guru.desafio2.GuruTestDesafio2 -->
