<?xml version="1.0" encoding="UTF-8"?>
<!-- Generated by org.testng.reporters.JUnitReportReporter -->
<testsuite hostname="cinnamon" failures="0" tests="1" name="com.thiago.teste.GuruTest" time="6.681" errors="0" timestamp="18 abr 2020 16:54:18 GMT" skipped="0">
  <testcase classname="com.thiago.teste.GuruTest" name="loginSucesso" time="6.681"/>
</testsuite> <!-- com.thiago.teste.GuruTest -->
